This file contains any messages produced by compilers while
running configure, to aid debugging if configure makes a mistake.

It was created by configure, which was
generated by GNU Autoconf 2.57.  Invocation command line was

  $ /home/david/jackie/jackie/configure --enable-debug=full

## --------- ##
## Platform. ##
## --------- ##

hostname = newton
uname -m = i686
uname -r = 2.6.0
uname -s = Linux
uname -v = #6 Wed Dec 24 12:11:48 CET 2003

/usr/bin/uname -p = unknown
/bin/uname -X     = unknown

/bin/arch              = i686
/usr/bin/arch -k       = unknown
/usr/convex/getsysinfo = unknown
hostinfo               = unknown
/bin/machine           = unknown
/usr/bin/oslevel       = unknown
/bin/universe          = unknown

PATH: /bin
PATH: /usr/bin
PATH: /usr/X11R6/bin
PATH: /usr/local/bin


## ----------- ##
## Core tests. ##
## ----------- ##

configure:1489: checking for a BSD-compatible install
configure:1543: result: /usr/bin/install -c
configure:1554: checking whether build environment is sane
configure:1597: result: yes
configure:1630: checking for gawk
configure:1659: result: no
configure:1630: checking for mawk
configure:1646: found /usr/bin/mawk
configure:1656: result: mawk
configure:1666: checking whether make sets $(MAKE)
configure:1686: result: yes
configure:1909: checking for g++
configure:1925: found /usr/bin/g++
configure:1935: result: g++
configure:1951: checking for C++ compiler version
configure:1954: g++ --version </dev/null >&5
g++ (GCC) 3.2.3 20030221 (Debian prerelease)
Copyright (C) 2002 Free Software Foundation, Inc.
This is free software; see the source for copying conditions.  There is NO
warranty; not even for MERCHANTABILITY or FITNESS FOR A PARTICULAR PURPOSE.

configure:1957: $? = 0
configure:1959: g++ -v </dev/null >&5
Reading specs from /usr/lib/gcc-lib/i386-linux/3.2.3/specs
Configured with: ../src/configure -v --enable-languages=c,c++,java,f77,proto,pascal,objc,ada --prefix=/usr --mandir=/usr/share/man --infodir=/usr/share/info --with-gxx-include-dir=/usr/include/c++/3.2 --enable-shared --with-system-zlib --enable-nls --without-included-gettext --enable-__cxa_atexit --enable-clocale=gnu --enable-java-gc=boehm --enable-objc-gc i386-linux
Thread model: posix
gcc version 3.2.3 20030221 (Debian prerelease)
configure:1962: $? = 0
configure:1964: g++ -V </dev/null >&5
g++: argument to `-V' missing

configure:1967: $? = 1
configure:1991: checking for C++ compiler default output
configure:1994: g++ -O0 -g3 -Wall   conftest.cc  >&5
configure:1997: $? = 0
configure:2043: result: a.out
configure:2048: checking whether the C++ compiler works
configure:2054: ./a.out
configure:2057: $? = 0
configure:2074: result: yes
configure:2081: checking whether we are cross compiling
configure:2083: result: no
configure:2086: checking for suffix of executables
configure:2088: g++ -o conftest -O0 -g3 -Wall   conftest.cc  >&5
configure:2091: $? = 0
configure:2116: result: 
configure:2122: checking for suffix of object files
configure:2144: g++ -c -O0 -g3 -Wall  conftest.cc >&5
configure:2147: $? = 0
configure:2169: result: o
configure:2173: checking whether we are using the GNU C++ compiler
configure:2198: g++ -c -O0 -g3 -Wall  conftest.cc >&5
configure:2201: $? = 0
configure:2204: test -s conftest.o
configure:2207: $? = 0
configure:2220: result: yes
configure:2226: checking whether g++ accepts -g
configure:2248: g++ -c -g  conftest.cc >&5
configure:2251: $? = 0
configure:2254: test -s conftest.o
configure:2257: $? = 0
configure:2268: result: yes
configure:2312: g++ -c -O0 -g3 -Wall  conftest.cc >&5
configure:2315: $? = 0
configure:2318: test -s conftest.o
configure:2321: $? = 0
configure:2348: g++ -c -O0 -g3 -Wall  conftest.cc >&5
configure: In function `int main()':
configure:2345: `exit' undeclared (first use this function)
configure:2345: (Each undeclared identifier is reported only once for each 
   function it appears in.)
configure:2351: $? = 1
configure: failed program was:
| #line 2331 "configure"
| /* confdefs.h.  */
| 
| #define PACKAGE_NAME ""
| #define PACKAGE_TARNAME ""
| #define PACKAGE_VERSION ""
| #define PACKAGE_STRING ""
| #define PACKAGE_BUGREPORT ""
| #define PACKAGE "jackie"
| #define VERSION "0.1"
| /* end confdefs.h.  */
| 
| int
| main ()
| {
| exit (42);
|   ;
|   return 0;
| }
configure:2312: g++ -c -O0 -g3 -Wall  conftest.cc >&5
configure:2315: $? = 0
configure:2318: test -s conftest.o
configure:2321: $? = 0
configure:2348: g++ -c -O0 -g3 -Wall  conftest.cc >&5
configure:2351: $? = 0
configure:2354: test -s conftest.o
configure:2357: $? = 0
configure:2391: checking for style of include used by make
configure:2419: result: GNU
configure:2447: checking dependency style of g++
configure:2515: result: gcc3
configure:2604: checking build system type
configure:2622: result: i686-pc-linux-gnu
configure:2630: checking host system type
configure:2644: result: i686-pc-linux-gnu
configure:2698: checking for gcc
configure:2714: found /usr/bin/gcc
configure:2724: result: gcc
configure:2968: checking for C compiler version
configure:2971: gcc --version </dev/null >&5
gcc (GCC) 3.2.3 20030221 (Debian prerelease)
Copyright (C) 2002 Free Software Foundation, Inc.
This is free software; see the source for copying conditions.  There is NO
warranty; not even for MERCHANTABILITY or FITNESS FOR A PARTICULAR PURPOSE.

configure:2974: $? = 0
configure:2976: gcc -v </dev/null >&5
Reading specs from /usr/lib/gcc-lib/i386-linux/3.2.3/specs
Configured with: ../src/configure -v --enable-languages=c,c++,java,f77,proto,pascal,objc,ada --prefix=/usr --mandir=/usr/share/man --infodir=/usr/share/info --with-gxx-include-dir=/usr/include/c++/3.2 --enable-shared --with-system-zlib --enable-nls --without-included-gettext --enable-__cxa_atexit --enable-clocale=gnu --enable-java-gc=boehm --enable-objc-gc i386-linux
Thread model: posix
gcc version 3.2.3 20030221 (Debian prerelease)
configure:2979: $? = 0
configure:2981: gcc -V </dev/null >&5
gcc: argument to `-V' is missing
configure:2984: $? = 1
configure:2987: checking whether we are using the GNU C compiler
configure:3012: gcc -c   conftest.c >&5
configure:3015: $? = 0
configure:3018: test -s conftest.o
configure:3021: $? = 0
configure:3034: result: yes
configure:3040: checking whether gcc accepts -g
configure:3062: gcc -c -g  conftest.c >&5
configure:3065: $? = 0
configure:3068: test -s conftest.o
configure:3071: $? = 0
configure:3082: result: yes
configure:3099: checking for gcc option to accept ANSI C
configure:3160: gcc  -c -g -O2  conftest.c >&5
configure:3163: $? = 0
configure:3166: test -s conftest.o
configure:3169: $? = 0
configure:3187: result: none needed
configure:3205: gcc -c -g -O2  conftest.c >&5
conftest.c:2: syntax error before "me"
configure:3208: $? = 1
configure: failed program was:
| #ifndef __cplusplus
|   choke me
| #endif
configure:3319: checking dependency style of gcc
configure:3387: result: gcc3
configure:3426: checking for ld used by GCC
configure:3489: result: /usr/bin/ld
configure:3498: checking if the linker (/usr/bin/ld) is GNU ld
GNU ld version 2.14.90.0.7 20031029 Debian GNU/Linux
configure:3510: result: yes
configure:3515: checking for /usr/bin/ld option to reload object files
configure:3522: result: -r
configure:3527: checking for BSD-compatible nm
configure:3563: result: /usr/bin/nm -B
configure:3566: checking for a sed that does not truncate output
configure:3648: result: /bin/sed
configure:3651: checking whether ln -s works
configure:3655: result: yes
configure:3662: checking how to recognise dependent libraries
configure:3843: result: pass_all
configure:3856: checking command to parse /usr/bin/nm -B output
configure:3940: g++ -c -O0 -g3 -Wall  conftest.cc >&5
configure:3943: $? = 0
configure:3947: /usr/bin/nm -B conftest.o \| sed -n -e 's/^.*[ 	]\([ABCDGISTW][ABCDGISTW]*\)[ 	][ 	]*\(\)\([_A-Za-z][_A-Za-z0-9]*\)$/\1 \2\3 \3/p' \> conftest.nm
configure:3950: $? = 0
configure:4002: g++ -o conftest -O0 -g3 -Wall   conftest.cc conftstm.o >&5
configure:4005: $? = 0
configure:4049: result: ok
configure:4059: checking how to run the C++ preprocessor
configure:4091: g++ -E  conftest.cc
configure:4097: $? = 0
configure:4129: g++ -E  conftest.cc
configure:4133:28: ac_nonexistent.h: No such file or directory
configure:4135: $? = 1
configure: failed program was:
| #line 4120 "configure"
| /* confdefs.h.  */
| 
| #define PACKAGE_NAME ""
| #define PACKAGE_TARNAME ""
| #define PACKAGE_VERSION ""
| #define PACKAGE_STRING ""
| #define PACKAGE_BUGREPORT ""
| #define PACKAGE "jackie"
| #define VERSION "0.1"
| #ifdef __cplusplus
| #include <stdlib.h>
| #endif
| /* end confdefs.h.  */
| #include <ac_nonexistent.h>
configure:4173: result: g++ -E
configure:4198: g++ -E  conftest.cc
configure:4204: $? = 0
configure:4236: g++ -E  conftest.cc
configure:4240:28: ac_nonexistent.h: No such file or directory
configure:4242: $? = 1
configure: failed program was:
| #line 4227 "configure"
| /* confdefs.h.  */
| 
| #define PACKAGE_NAME ""
| #define PACKAGE_TARNAME ""
| #define PACKAGE_VERSION ""
| #define PACKAGE_STRING ""
| #define PACKAGE_BUGREPORT ""
| #define PACKAGE "jackie"
| #define VERSION "0.1"
| #ifdef __cplusplus
| #include <stdlib.h>
| #endif
| /* end confdefs.h.  */
| #include <ac_nonexistent.h>
configure:4285: checking for egrep
configure:4295: result: grep -E
configure:4300: checking for ANSI C header files
configure:4326: g++ -c -O0 -g3 -Wall  conftest.cc >&5
configure:4329: $? = 0
configure:4332: test -s conftest.o
configure:4335: $? = 0
configure:4424: g++ -o conftest -O0 -g3 -Wall   conftest.cc  >&5
configure:4427: $? = 0
configure:4429: ./conftest
configure:4432: $? = 0
configure:4447: result: yes
configure:4471: checking for sys/types.h
configure:4488: g++ -c -O0 -g3 -Wall  conftest.cc >&5
configure:4491: $? = 0
configure:4494: test -s conftest.o
configure:4497: $? = 0
configure:4508: result: yes
configure:4471: checking for sys/stat.h
configure:4488: g++ -c -O0 -g3 -Wall  conftest.cc >&5
configure:4491: $? = 0
configure:4494: test -s conftest.o
configure:4497: $? = 0
configure:4508: result: yes
configure:4471: checking for stdlib.h
configure:4488: g++ -c -O0 -g3 -Wall  conftest.cc >&5
configure:4491: $? = 0
configure:4494: test -s conftest.o
configure:4497: $? = 0
configure:4508: result: yes
configure:4471: checking for string.h
configure:4488: g++ -c -O0 -g3 -Wall  conftest.cc >&5
configure:4491: $? = 0
configure:4494: test -s conftest.o
configure:4497: $? = 0
configure:4508: result: yes
configure:4471: checking for memory.h
configure:4488: g++ -c -O0 -g3 -Wall  conftest.cc >&5
configure:4491: $? = 0
configure:4494: test -s conftest.o
configure:4497: $? = 0
configure:4508: result: yes
configure:4471: checking for strings.h
configure:4488: g++ -c -O0 -g3 -Wall  conftest.cc >&5
configure:4491: $? = 0
configure:4494: test -s conftest.o
configure:4497: $? = 0
configure:4508: result: yes
configure:4471: checking for inttypes.h
configure:4488: g++ -c -O0 -g3 -Wall  conftest.cc >&5
configure:4491: $? = 0
configure:4494: test -s conftest.o
configure:4497: $? = 0
configure:4508: result: yes
configure:4471: checking for stdint.h
configure:4488: g++ -c -O0 -g3 -Wall  conftest.cc >&5
configure:4491: $? = 0
configure:4494: test -s conftest.o
configure:4497: $? = 0
configure:4508: result: yes
configure:4471: checking for unistd.h
configure:4488: g++ -c -O0 -g3 -Wall  conftest.cc >&5
configure:4491: $? = 0
configure:4494: test -s conftest.o
configure:4497: $? = 0
configure:4508: result: yes
configure:4534: checking dlfcn.h usability
configure:4547: g++ -c -O0 -g3 -Wall  conftest.cc >&5
configure:4550: $? = 0
configure:4553: test -s conftest.o
configure:4556: $? = 0
configure:4566: result: yes
configure:4570: checking dlfcn.h presence
configure:4581: g++ -E  conftest.cc
configure:4587: $? = 0
configure:4606: result: yes
configure:4642: checking for dlfcn.h
configure:4649: result: yes
configure:4847: checking for ranlib
configure:4863: found /usr/bin/ranlib
configure:4874: result: ranlib
configure:4927: checking for strip
configure:4943: found /usr/bin/strip
configure:4954: result: strip
configure:5164: checking for objdir
configure:5175: result: .libs
configure:5192: checking for gcc option to produce PIC
configure:5338: result: -fPIC
configure:5342: checking if gcc PIC flag -fPIC works
configure:5366: g++ -c -O0 -g3 -Wall  conftest.cc >&5
configure:5369: $? = 0
configure:5372: test -s conftest.o
configure:5375: $? = 0
configure:5413: result: yes
configure:5429: checking if gcc static flag -static works
configure:5454: g++ -o conftest -O0 -g3 -Wall   -static conftest.cc  >&5
configure:5457: $? = 0
configure:5460: test -s conftest
configure:5463: $? = 0
configure:5479: result: yes
configure:5491: checking if gcc supports -c -o file.o
configure:5514: g++ -c -O0 -g3 -Wall  conftest.cc >&5
Assembler messages:
FATAL: can't create conftest.o: Permission denied
configure:5535: result: no
configure:5609: checking if we can lock with hard links
configure:5617: result: yes
configure:5630: checking if gcc supports -fno-rtti -fno-exceptions
configure:5653: g++ -c -O0 -g3 -Wall  conftest.cc >&5
configure: In function `int main()':
configure:5664: warning: unused variable `int some_variable'
configure:5656: $? = 0
configure:5659: test -s conftest.o
configure:5662: $? = 0
configure:5679: result: yes
configure:5690: checking whether the linker (/usr/bin/ld) supports shared libraries
configure:6385: result: yes
configure:6390: checking how to hardcode library paths into programs
configure:6414: result: immediate
configure:6419: checking whether stripping libraries is possible
configure:6424: result: yes
configure:6435: checking dynamic linker characteristics
configure:6855: result: GNU/Linux ld.so
configure:6860: checking if libtool supports shared libraries
configure:6862: result: yes
configure:6865: checking whether to build shared libraries
configure:6886: result: yes
configure:6889: checking whether to build static libraries
configure:6893: result: yes
configure:7567: checking whether -lc should be explicitly linked in
configure:7575: g++ -c -O0 -g3 -Wall  conftest.cc >&5
conftest.cc:1: warning: `int dummy' defined but not used
configure:7578: $? = 0
configure:7592: gcc -shared conftest.o  -v -Wl,-soname -Wl,conftest -o conftest 2\>\&1 \| grep  -lc  \>/dev/null 2\>\&1
configure:7595: $? = 0
configure:7608: result: no
configure:8299: creating ./config.status

## ---------------------- ##
## Running config.status. ##
## ---------------------- ##

This file was extended by config.status, which was
generated by GNU Autoconf 2.57.  Invocation command line was

  CONFIG_FILES    = 
  CONFIG_HEADERS  = 
  CONFIG_LINKS    = 
  CONFIG_COMMANDS = 
  $ ./config.status 

on newton

config.status:676: creating Makefile
config.status:676: creating src/Makefile
config.status:676: creating src/support/Makefile
config.status:676: creating src/facade/Makefile
config.status:676: creating src/util/Makefile
config.status:676: creating src/port/Makefile
config.status:773: creating config.h
config.status:880: config.h is unchanged
config.status:1002: executing depfiles commands

## ---------------- ##
## Cache variables. ##
## ---------------- ##

ac_cv_build=i686-pc-linux-gnu
ac_cv_build_alias=i686-pc-linux-gnu
ac_cv_c_compiler_gnu=yes
ac_cv_cxx_compiler_gnu=yes
ac_cv_env_CC_set=
ac_cv_env_CC_value=
ac_cv_env_CFLAGS_set=
ac_cv_env_CFLAGS_value=
ac_cv_env_CPPFLAGS_set=
ac_cv_env_CPPFLAGS_value=
ac_cv_env_CXXCPP_set=
ac_cv_env_CXXCPP_value=
ac_cv_env_CXXFLAGS_set=set
ac_cv_env_CXXFLAGS_value='-O0 -g3 -Wall'
ac_cv_env_CXX_set=
ac_cv_env_CXX_value=
ac_cv_env_LDFLAGS_set=
ac_cv_env_LDFLAGS_value=
ac_cv_env_build_alias_set=
ac_cv_env_build_alias_value=
ac_cv_env_host_alias_set=
ac_cv_env_host_alias_value=
ac_cv_env_target_alias_set=
ac_cv_env_target_alias_value=
ac_cv_exeext=
ac_cv_header_dlfcn_h=yes
ac_cv_header_inttypes_h=yes
ac_cv_header_memory_h=yes
ac_cv_header_stdc=yes
ac_cv_header_stdint_h=yes
ac_cv_header_stdlib_h=yes
ac_cv_header_string_h=yes
ac_cv_header_strings_h=yes
ac_cv_header_sys_stat_h=yes
ac_cv_header_sys_types_h=yes
ac_cv_header_unistd_h=yes
ac_cv_host=i686-pc-linux-gnu
ac_cv_host_alias=i686-pc-linux-gnu
ac_cv_objext=o
ac_cv_path_install='/usr/bin/install -c'
ac_cv_prog_AWK=mawk
ac_cv_prog_CXXCPP='g++ -E'
ac_cv_prog_ac_ct_CC=gcc
ac_cv_prog_ac_ct_CXX=g++
ac_cv_prog_ac_ct_RANLIB=ranlib
ac_cv_prog_ac_ct_STRIP=strip
ac_cv_prog_cc_g=yes
ac_cv_prog_cc_stdc=
ac_cv_prog_cxx_g=yes
ac_cv_prog_egrep='grep -E'
ac_cv_prog_make_make_set=yes
am_cv_CC_dependencies_compiler_type=gcc3
am_cv_CXX_dependencies_compiler_type=gcc3
lt_cv_archive_cmds_need_lc=no
lt_cv_compiler_c_o=no
lt_cv_deplibs_check_method=pass_all
lt_cv_file_magic_cmd='$MAGIC_CMD'
lt_cv_file_magic_test_file='/lib/libc.so.6 /lib/libc-2.3.2.so'
lt_cv_global_symbol_to_c_name_address='sed -n -e '\''s/^: \([^ ]*\) $/  {\"\1\", (lt_ptr) 0},/p'\'' -e '\''s/^[BCDEGRST] \([^ ]*\) \([^ ]*\)$/  {"\2", (lt_ptr) \&\2},/p'\'''
lt_cv_global_symbol_to_cdecl='sed -n -e '\''s/^. .* \(.*\)$/extern char \1;/p'\'''
lt_cv_ld_reload_flag=-r
lt_cv_path_LD=/usr/bin/ld
lt_cv_path_NM='/usr/bin/nm -B'
lt_cv_path_SED=/bin/sed
lt_cv_prog_cc_can_build_shared=yes
lt_cv_prog_cc_no_builtin=
lt_cv_prog_cc_pic=' -fPIC'
lt_cv_prog_cc_pic_works=yes
lt_cv_prog_cc_shlib=
lt_cv_prog_cc_static=-static
lt_cv_prog_cc_static_works=yes
lt_cv_prog_cc_wl=-Wl,
lt_cv_prog_gnu_ld=yes
lt_cv_sys_global_symbol_pipe='sed -n -e '\''s/^.*[ 	]\([ABCDGISTW][ABCDGISTW]*\)[ 	][ 	]*\(\)\([_A-Za-z][_A-Za-z0-9]*\)$/\1 \2\3 \3/p'\'''

## ----------------- ##
## Output variables. ##
## ----------------- ##

ACLOCAL='${SHELL} /home/david/jackie/jackie/missing --run aclocal-1.7'
AMDEPBACKSLASH='\'
AMDEP_FALSE='#'
AMDEP_TRUE=''
AMTAR='${SHELL} /home/david/jackie/jackie/missing --run tar'
AUTOCONF='${SHELL} /home/david/jackie/jackie/missing --run autoconf'
AUTOHEADER='${SHELL} /home/david/jackie/jackie/missing --run autoheader'
AUTOMAKE='${SHELL} /home/david/jackie/jackie/missing --run automake-1.7'
AWK='mawk'
CC='gcc'
CCDEPMODE='depmode=gcc3'
CFLAGS='-g -O2'
CPPFLAGS=''
CXX='g++'
CXXCPP='g++ -E'
CXXDEPMODE='depmode=gcc3'
CXXFLAGS='-O0 -g3 -Wall'
CYGPATH_W='echo'
DEFS='-DHAVE_CONFIG_H'
DEPDIR='.deps'
ECHO='echo'
ECHO_C=''
ECHO_N='-n'
ECHO_T=''
EGREP='grep -E'
EXEEXT=''
INSTALL_DATA='${INSTALL} -m 644'
INSTALL_PROGRAM='${INSTALL}'
INSTALL_SCRIPT='${INSTALL}'
INSTALL_STRIP_PROGRAM='${SHELL} $(install_sh) -c -s'
LDFLAGS=''
LIBOBJS=''
LIBS=''
LIBTOOL='$(SHELL) $(top_builddir)/libtool'
LN_S='ln -s'
LTLIBOBJS=''
MAKEINFO='${SHELL} /home/david/jackie/jackie/missing --run makeinfo'
OBJEXT='o'
PACKAGE='jackie'
PACKAGE_BUGREPORT=''
PACKAGE_NAME=''
PACKAGE_STRING=''
PACKAGE_TARNAME=''
PACKAGE_VERSION=''
PATH_SEPARATOR=':'
RANLIB='ranlib'
SET_MAKE=''
SHELL='/bin/sh'
STRIP='strip'
VERSION='0.1'
ac_ct_CC='gcc'
ac_ct_CXX='g++'
ac_ct_RANLIB='ranlib'
ac_ct_STRIP='strip'
am__fastdepCC_FALSE='#'
am__fastdepCC_TRUE=''
am__fastdepCXX_FALSE='#'
am__fastdepCXX_TRUE=''
am__include='include'
am__leading_dot='.'
am__quote=''
bindir='${exec_prefix}/bin'
build='i686-pc-linux-gnu'
build_alias=''
build_cpu='i686'
build_os='linux-gnu'
build_vendor='pc'
datadir='${prefix}/share'
exec_prefix='${prefix}'
host='i686-pc-linux-gnu'
host_alias=''
host_cpu='i686'
host_os='linux-gnu'
host_vendor='pc'
includedir='${prefix}/include'
infodir='${prefix}/info'
install_sh='/home/david/jackie/jackie/install-sh'
libdir='${exec_prefix}/lib'
libexecdir='${exec_prefix}/libexec'
localstatedir='${prefix}/var'
mandir='${prefix}/man'
oldincludedir='/usr/include'
prefix='/usr/local'
program_transform_name='s,x,x,'
sbindir='${exec_prefix}/sbin'
sharedstatedir='${prefix}/com'
sysconfdir='${prefix}/etc'
target_alias=''

## ----------- ##
## confdefs.h. ##
## ----------- ##

#define HAVE_DLFCN_H 1
#define HAVE_INTTYPES_H 1
#define HAVE_MEMORY_H 1
#define HAVE_STDINT_H 1
#define HAVE_STDLIB_H 1
#define HAVE_STRINGS_H 1
#define HAVE_STRING_H 1
#define HAVE_SYS_STAT_H 1
#define HAVE_SYS_TYPES_H 1
#define HAVE_UNISTD_H 1
#define PACKAGE "jackie"
#define PACKAGE_BUGREPORT ""
#define PACKAGE_NAME ""
#define PACKAGE_STRING ""
#define PACKAGE_TARNAME ""
#define PACKAGE_VERSION ""
#define STDC_HEADERS 1
#define VERSION "0.1"
#endif
#ifdef __cplusplus
#include <stdlib.h>

configure: exit 0

## ---------------------- ##
## Running config.status. ##
## ---------------------- ##

This file was extended by config.status, which was
generated by GNU Autoconf 2.57.  Invocation command line was

  CONFIG_FILES    = 
  CONFIG_HEADERS  = 
  CONFIG_LINKS    = 
  CONFIG_COMMANDS = 
  $ ./config.status src/facade/Makefile depfiles

on newton

config.status:676: creating src/facade/Makefile
config.status:1002: executing depfiles commands

## ---------------------- ##
## Running config.status. ##
## ---------------------- ##

This file was extended by config.status, which was
generated by GNU Autoconf 2.57.  Invocation command line was

  CONFIG_FILES    = 
  CONFIG_HEADERS  = 
  CONFIG_LINKS    = 
  CONFIG_COMMANDS = 
  $ ./config.status config.h

on newton

config.status:773: creating config.h
config.status:880: config.h is unchanged

## ---------------------- ##
## Running config.status. ##
## ---------------------- ##

This file was extended by config.status, which was
generated by GNU Autoconf 2.57.  Invocation command line was

  CONFIG_FILES    = 
  CONFIG_HEADERS  = 
  CONFIG_LINKS    = 
  CONFIG_COMMANDS = 
  $ ./config.status src/facade/Makefile depfiles

on newton

config.status:676: creating src/facade/Makefile
config.status:1002: executing depfiles commands

## ---------------------- ##
## Running config.status. ##
## ---------------------- ##

This file was extended by config.status, which was
generated by GNU Autoconf 2.57.  Invocation command line was

  CONFIG_FILES    = 
  CONFIG_HEADERS  = 
  CONFIG_LINKS    = 
  CONFIG_COMMANDS = 
  $ ./config.status src/Makefile

on newton

config.status:676: creating src/Makefile

## ---------------------- ##
## Running config.status. ##
## ---------------------- ##

This file was extended by config.status, which was
generated by GNU Autoconf 2.57.  Invocation command line was

  CONFIG_FILES    = 
  CONFIG_HEADERS  = 
  CONFIG_LINKS    = 
  CONFIG_COMMANDS = 
  $ ./config.status src/facade/Makefile depfiles

on newton

config.status:676: creating src/facade/Makefile
config.status:1002: executing depfiles commands

## ---------------------- ##
## Running config.status. ##
## ---------------------- ##

This file was extended by config.status, which was
generated by GNU Autoconf 2.57.  Invocation command line was

  CONFIG_FILES    = 
  CONFIG_HEADERS  = 
  CONFIG_LINKS    = 
  CONFIG_COMMANDS = 
  $ ./config.status src/port/Makefile

on newton

config.status:676: creating src/port/Makefile
